number,value,datetime_start,datetime_complete,duration,params_bagging_fraction,params_bagging_freq,params_feature_fraction,params_lambda_l1,params_lambda_l2,params_learning_rate,params_min_child_samples,params_num_leaves,params_scale_pos_weight,user_attrs_best_iter,state
0,0.532727400009202,2026-06-15 03:50:12.361040,2026-06-15 03:50:16.023742,0 days 00:00:03.662702,0.7993292420985183,2,0.8659969709057025,3.3323645788192616e-08,0.6245760287469887,0.26251660632419294,35,57,34.433322372802486,44,COMPLETE
1,0.5370087491852508,2026-06-15 03:50:16.023807,2026-06-15 03:50:21.976979,0 days 00:00:05.953172,0.9162213204002109,2,0.9849549260809971,4.4734294104626844e-07,5.472429642032189e-06,0.021146536167031597,40,95,30.18634637834813,300,COMPLETE
2,0.5665081234396706,2026-06-15 03:50:21.977013,2026-06-15 03:50:26.058379,0 days 00:00:04.081366,0.569746930326021,3,0.8059264473611898,0.00012724181576752517,0.11656915613247415,0.04400905486948213,76,64,12.105625043263776,288,COMPLETE
3,0.5593484876226034,2026-06-15 03:50:26.058415,2026-06-15 03:50:32.517721,0 days 00:00:06.459306,0.8037724259507192,2,0.5232252063599989,3.4671276804481113,4.905556676028766,0.09948637159577052,17,73,45.962126409915975,270,COMPLETE
4,0.5445900716530229,2026-06-15 03:50:32.517781,2026-06-15 03:50:42.310251,0 days 00:00:09.792470,0.7200762468698007,1,0.8421165132560784,2.039373116525212e-08,1.5271567592511939,0.026055614206180563,102,49,15.393043559785973,299,COMPLETE
5,0.5570634838727793,2026-06-15 03:50:42.310299,2026-06-15 03:50:57.003324,0 days 00:00:14.693025,0.7733551396716398,2,0.7600340105889054,0.0946663015372686,2.8542399074977594,0.04651903184482423,195,90,50.76926326975276,300,COMPLETE
6,0.5368020695157387,2026-06-15 03:50:57.003403,2026-06-15 03:50:59.469838,0 days 00:00:02.466435,0.5979914312095727,1,0.5442462510259598,3.148441347423712e-05,2.7678419414850017e-06,0.24279415391108747,68,83,47.093422663924734,104,COMPLETE
7,0.5528133674795707,2026-06-15 03:50:59.469881,2026-06-15 03:51:02.557781,0 days 00:00:03.087900,0.5704621124873813,6,0.7713480415791243,7.6204817861585425,0.08916674715636552,0.04279909806035244,19,55,12.05233659361893,230,COMPLETE
8,0.5196889551121168,2026-06-15 03:51:02.557820,2026-06-15 03:51:03.497779,0 days 00:00:00.939959,0.8645035840204937,6,0.8534286719238086,1.683416412018213e-05,1.1036250149900698e-07,0.18200656518517191,19,15,49.004815242737884,116,COMPLETE
9,0.5665010883907762,2026-06-15 03:51:03.497807,2026-06-15 03:51:08.833913,0 days 00:00:05.336106,0.6554911608578311,3,0.5317791751430119,0.005470376807480385,0.9658611176861261,0.049000021471310044,148,86,27.264048499478545,292,COMPLETE
10,0.5882501571037345,2026-06-15 03:51:08.833942,2026-06-15 03:51:13.135888,0 days 00:00:04.301946,0.5089809378074098,4,0.6492639032759127,0.0008421907750901961,0.00220909817911223,0.09705308196354136,117,123,3.89265654703963,198,COMPLETE
11,0.5887716108895754,2026-06-15 03:51:13.135921,2026-06-15 03:51:18.163936,0 days 00:00:05.028015,0.5100206181211627,4,0.6470462496229467,0.0007209096486849854,0.003692879938559122,0.09495536868553157,99,128,1.2710494908038017,240,COMPLETE
12,0.5925072457896695,2026-06-15 03:51:18.163967,2026-06-15 03:51:22.903172,0 days 00:00:04.739205,0.5035526032862813,5,0.6521688656512927,0.0017861573907983698,0.0004968882608173794,0.10433166951974691,127,125,1.1729291315387036,230,COMPLETE
13,0.5941014706945852,2026-06-15 03:51:22.903204,2026-06-15 03:51:26.363820,0 days 00:00:03.460616,0.5009228516288796,5,0.6559885293919353,0.02635641658582166,0.0009111310101133443,0.11659609120643093,143,128,2.0173879103248336,152,COMPLETE
14,0.5809010048905369,2026-06-15 03:51:26.363849,2026-06-15 03:51:29.684494,0 days 00:00:03.320645,0.9980084946806067,7,0.6820267717659231,0.06555865226778092,0.0006238942200866118,0.1406480113811505,153,109,7.3077087340057325,163,COMPLETE
15,0.5712286608125193,2026-06-15 03:51:29.684523,2026-06-15 03:51:31.908224,0 days 00:00:02.223701,0.6459833333024906,5,0.6019287654950947,0.06731626192644463,0.00013183640476201387,0.13106003223761792,147,111,19.846565609210916,101,COMPLETE
16,0.5811136539231297,2026-06-15 03:51:31.908254,2026-06-15 03:51:37.095353,0 days 00:00:05.187099,0.501235662060816,5,0.7121100662601941,0.008209330474269446,3.154443500139822e-05,0.07073177238214565,182,108,6.375742662102748,300,COMPLETE
17,0.5660199874104009,2026-06-15 03:51:37.095383,2026-06-15 03:51:40.482641,0 days 00:00:03.387258,0.6252080075998235,5,0.5977645606000611,0.5453729950764903,0.02001027879849431,0.06530950513518263,130,118,17.313140831065965,162,COMPLETE
18,0.5767192299567908,2026-06-15 03:51:40.482671,2026-06-15 03:51:42.505307,0 days 00:00:02.022636,0.5469465560089013,7,0.7199556368400009,4.0206055829819266e-06,6.479872737032061e-08,0.17260092298982577,167,102,1.7738930259811905,99,COMPLETE
19,0.5624419922603315,2026-06-15 03:51:42.505335,2026-06-15 03:51:44.751519,0 days 00:00:02.246184,0.7018539219083231,6,0.594346564681361,0.004939392464663168,0.00013476723618948054,0.07220471514318359,122,128,9.302006277217373,94,COMPLETE
20,0.5610000174664562,2026-06-15 03:51:44.751546,2026-06-15 03:51:47.527172,0 days 00:00:02.775626,0.5463945125392098,4,0.9296472010314427,0.0003248509743617592,3.1742499660516616e-06,0.12601633752714464,82,115,20.710668358979504,132,COMPLETE
21,0.5968500186049325,2026-06-15 03:51:47.527201,2026-06-15 03:51:51.143864,0 days 00:00:03.616663,0.5067295746357541,4,0.6533676066838329,0.00138292026401078,0.0037189396490280528,0.09975956487505654,105,127,1.3151957761688176,152,COMPLETE
22,0.5757121057446167,2026-06-15 03:51:51.143893,2026-06-15 03:51:52.819421,0 days 00:00:01.675528,0.5452112405496548,5,0.6490986677248692,0.01645009518869506,0.004675278087850998,0.1852490915176803,98,121,1.5618023275654291,60,COMPLETE
23,0.5746079876022326,2026-06-15 03:51:52.819450,2026-06-15 03:51:57.419011,0 days 00:00:04.599561,0.5976545027185212,4,0.6946831558792991,0.000760055105001685,0.00033714761656287686,0.08421218365828911,134,99,8.676042646864255,246,COMPLETE
24,0.574816196388821,2026-06-15 03:51:57.419041,2026-06-15 03:52:01.390994,0 days 00:00:03.971953,0.5139836011559041,3,0.5705083376867472,0.47660324088052314,3.230953776777884e-05,0.11492383090889495,114,119,6.094274785805672,182,COMPLETE
25,0.5683857537100405,2026-06-15 03:52:01.391022,2026-06-15 03:52:04.827772,0 days 00:00:03.436750,0.6146522903793946,6,0.6315782607681344,0.002756477768747786,0.020084866325675927,0.05977020360151687,167,128,11.729322319591024,146,COMPLETE
26,0.5738063238612932,2026-06-15 03:52:04.827802,2026-06-15 03:52:06.430721,0 days 00:00:01.602919,0.5465751965846961,5,0.7354800851229796,2.1154463302348093e-05,0.0010049660331368888,0.14968029462630056,138,104,5.0548439023233565,65,COMPLETE
27,0.555489027117719,2026-06-15 03:52:06.430746,2026-06-15 03:52:08.178781,0 days 00:00:01.748035,0.5787425857681099,4,0.6631765455872161,0.025131919685908537,0.015571758503146783,0.20956105228909452,165,114,13.841753849951603,69,COMPLETE
28,0.5527887832960522,2026-06-15 03:52:08.178808,2026-06-15 03:52:10.394241,0 days 00:00:02.215433,0.6590858209667213,5,0.5017295608840622,9.725821740233815e-05,2.7216948655534415e-05,0.10791781683234965,56,29,9.263074178263457,223,COMPLETE
29,0.5406304685442505,2026-06-15 03:52:10.394270,2026-06-15 03:52:11.660211,0 days 00:00:01.265941,0.5301732201057903,3,0.7660973034533063,2.7443544698927377e-07,0.2677077864974898,0.2796672596270556,89,120,23.958497634508504,45,COMPLETE
30,0.581172628106097,2026-06-15 03:52:11.660238,2026-06-15 03:52:16.606414,0 days 00:00:04.946176,0.5805178271062279,6,0.6144578795467502,0.001972647944102192,6.812522538490131e-07,0.0847011032939874,113,95,4.309841646479075,150,COMPLETE
31,0.586006331950012,2026-06-15 03:52:16.606508,2026-06-15 03:52:26.714128,0 days 00:00:10.107620,0.5044616846852855,4,0.6796018208553076,0.0002896606683142024,0.003919837864507243,0.08688889328020725,96,128,1.067230263556306,155,COMPLETE
32,0.59181991942612,2026-06-15 03:52:26.714167,2026-06-15 03:52:31.999565,0 days 00:00:05.285398,0.5027586506871949,4,0.5661546799916224,0.0012369591048819765,0.008342879061059348,0.15283001179887615,106,128,1.0371270806776152,77,COMPLETE
33,0.5567393846618537,2026-06-15 03:52:31.999614,2026-06-15 03:52:36.045211,0 days 00:00:04.045597,0.5389539978994067,4,0.5777853244552633,0.22925238270476894,0.04734169304072865,0.15457345442754666,125,113,5.427476159584238,56,COMPLETE
34,0.5648955385825195,2026-06-15 03:52:36.045257,2026-06-15 03:52:42.633871,0 days 00:00:06.588614,0.5658634717040606,5,0.5560222601778143,0.023722536447543564,0.0011315110901017166,0.11852677946318,111,121,10.761282431102767,119,COMPLETE
35,0.5854126313915741,2026-06-15 03:52:42.634058,2026-06-15 03:52:54.125077,0 days 00:00:11.491019,0.5323253108997928,3,0.6218033559080447,2.14495290416767e-06,9.029322870244985e-05,0.055354697635372964,63,106,3.975011052343957,209,COMPLETE
36,0.5341478263548219,2026-06-15 03:52:54.125120,2026-06-15 03:52:58.093628,0 days 00:00:03.968508,0.5685308986167611,4,0.9899226356996808,7.502194861720513e-05,0.2878313828616275,0.2088682097806658,140,124,56.54325475270902,49,COMPLETE
37,0.5569767491275542,2026-06-15 03:52:58.093662,2026-06-15 03:53:05.526790,0 days 00:00:07.433128,0.50136990709905,2,0.5053066685984562,1.2820848136964138,0.009021137730545279,0.03189543996717886,81,115,34.80823740323681,300,COMPLETE
38,0.5567053331094588,2026-06-15 03:53:05.526821,2026-06-15 03:53:07.342457,0 days 00:00:01.815636,0.6034201181573119,5,0.8096489905274056,0.0013559586982186303,0.00046847741824793235,0.10746710772896577,107,96,15.429625177469434,89,COMPLETE
39,0.5440941189254334,2026-06-15 03:53:07.342486,2026-06-15 03:53:09.017956,0 days 00:00:01.675470,0.6301901857836707,3,0.5641983832806924,0.0001796834210498165,0.07160779692035021,0.23108445363149416,51,123,39.91736403606577,60,COMPLETE
40,0.5672618865448302,2026-06-15 03:53:09.017982,2026-06-15 03:53:11.626752,0 days 00:00:02.608770,0.6932640206213845,6,0.7423164549504003,0.011317734521758003,1.0246435581644426e-05,0.1568014976943124,157,77,8.704634492157815,170,COMPLETE
41,0.5901133489078058,2026-06-15 03:53:11.626780,2026-06-15 03:53:14.962717,0 days 00:00:03.335937,0.5226643949289808,4,0.634760180273385,0.0007183846074013196,0.003384617378538396,0.08826694917451919,90,128,1.0945801500546042,164,COMPLETE
42,0.5864165075507717,2026-06-15 03:53:14.962744,2026-06-15 03:53:19.446145,0 days 00:00:04.483401,0.5250292629543737,4,0.6990595178965818,0.003066437027850685,0.0003021431945218362,0.08379283835990713,71,118,2.788646804425498,241,COMPLETE
43,0.5706508430526777,2026-06-15 03:53:19.446174,2026-06-15 03:53:22.374805,0 days 00:00:02.928631,0.554669956170719,4,0.6726307440610461,0.000488227185116464,0.0016939896125907614,0.07559308781144156,89,124,6.709014840215451,138,COMPLETE
44,0.5877068802739537,2026-06-15 03:53:22.374833,2026-06-15 03:53:24.963169,0 days 00:00:02.588336,0.5836957857727564,5,0.6367558577807739,5.49972227669036e-05,0.006570022590901728,0.09771414560484203,122,128,1.0872314241524261,118,COMPLETE
45,0.580211559777119,2026-06-15 03:53:24.963196,2026-06-15 03:53:29.307596,0 days 00:00:04.344400,0.5248113415631834,3,0.5341276215056197,0.04419674149267396,0.03406450572176725,0.13287594705503228,35,110,3.9120573416913444,233,COMPLETE
46,0.581210017654027,2026-06-15 03:53:29.307625,2026-06-15 03:53:34.553226,0 days 00:00:05.245601,0.8716671434851786,5,0.586787502664519,0.0014055194998704946,0.00018323008649237136,0.09616495551817635,90,115,13.222742531896987,298,COMPLETE
47,0.5585618998234436,2026-06-15 03:53:34.553255,2026-06-15 03:53:36.677245,0 days 00:00:02.123990,0.5232128006916703,4,0.6188973894581795,8.73109516999585e-06,0.0016686209308969578,0.11170924865400816,105,44,7.50729684976649,184,COMPLETE
48,0.5768627443042289,2026-06-15 03:53:36.677272,2026-06-15 03:53:39.169384,0 days 00:00:02.492112,0.5615448400625738,2,0.6596089165136992,0.007731766516751328,0.17950163511391065,0.13992713442688187,145,124,2.7401405581213183,112,COMPLETE
49,0.566889965071202,2026-06-15 03:53:39.169413,2026-06-15 03:53:44.390625,0 days 00:00:05.221212,0.5020293241937002,4,0.8970022325067679,0.2340796228547695,0.01064814463727142,0.03988507091107884,180,109,10.89197884553848,300,COMPLETE
50,0.5798867656310922,2026-06-15 03:53:44.390656,2026-06-15 03:53:46.135731,0 days 00:00:01.745075,0.7695917542175289,6,0.6058156225445198,0.00026747574614571545,5.895894385020136e-05,0.17874815676718447,128,117,5.37811485954939,73,COMPLETE
51,0.5857602261214003,2026-06-15 03:53:46.135758,2026-06-15 03:53:49.432931,0 days 00:00:03.297173,0.5250402669036613,3,0.6430087532576847,0.0005728875278321822,0.0030962603381762964,0.09429488427737417,101,128,3.0458483039064737,158,COMPLETE
52,0.5725666581831159,2026-06-15 03:53:49.432963,2026-06-15 03:53:53.106866,0 days 00:00:03.673903,0.5189224797434495,4,0.7012481270728053,0.002986924228430123,0.0007112108477625366,0.07527815190489254,96,124,7.183224717179949,181,COMPLETE
53,0.5906404166517469,2026-06-15 03:53:53.106895,2026-06-15 03:53:56.786239,0 days 00:00:03.679344,0.5015039709498881,5,0.6802702430039091,0.001087900677027682,0.0030390710413960857,0.12342986682455184,118,120,1.1342683870516612,190,COMPLETE
54,0.5884141713860338,2026-06-15 03:53:56.786269,2026-06-15 03:53:59.550732,0 days 00:00:02.764463,0.9888455338600703,5,0.7334143902746388,0.0056563227295866455,1.330946363536672e-08,0.12437130434865593,119,119,1.0710448447049001,136,COMPLETE
55,0.5670169222181343,2026-06-15 03:53:59.550760,2026-06-15 03:54:01.168163,0 days 00:00:01.617403,0.5536593185712487,5,0.6879010136360367,0.0012044472214751474,0.002404467419002416,0.1622535830762803,77,111,3.7590518296804944,63,COMPLETE
56,0.5776961062282543,2026-06-15 03:54:01.168193,2026-06-15 03:54:04.401002,0 days 00:00:03.232809,0.5958063834944505,5,0.790631653533619,0.0001509217958613246,0.03202882681711166,0.10288571835701875,110,100,5.906820738999578,183,COMPLETE
57,0.558029408340132,2026-06-15 03:54:04.401030,2026-06-15 03:54:06.386156,0 days 00:00:01.985126,0.5415818357319749,6,0.7172082583832213,0.13400235753396217,0.00023338893430279757,0.14115360606422964,7,124,10.054164570002808,91,COMPLETE
58,0.5631953180820204,2026-06-15 03:54:06.386188,2026-06-15 03:54:08.531546,0 days 00:00:02.145358,0.5014278866162736,7,0.6663929263421394,0.03702552991439324,0.0006247158428128246,0.11989496837740408,139,105,7.993954413420836,103,COMPLETE
59,0.571793707449815,2026-06-15 03:54:08.531574,2026-06-15 03:54:13.780358,0 days 00:00:05.248784,0.5603380882703309,5,0.6341531170070966,0.010144215312856508,0.008041793183033717,0.02067292837600406,130,120,2.6394802582608703,300,COMPLETE
60,0.5690741752823159,2026-06-15 03:54:13.780391,2026-06-15 03:54:16.210718,0 days 00:00:02.430327,0.5155574033593965,4,0.5506979809381739,3.7268374794949094e-05,0.004683143981359696,0.0617804485625642,116,88,4.881250811111173,133,COMPLETE
61,0.5826519182382927,2026-06-15 03:54:16.210746,2026-06-15 03:54:18.459038,0 days 00:00:02.248292,0.5383778068986265,4,0.6543100755554254,0.0005077657941036162,0.0012078999543930354,0.09039318489538559,102,126,2.3843481865688307,102,COMPLETE
62,0.5929849954775405,2026-06-15 03:54:18.459066,2026-06-15 03:54:22.430346,0 days 00:00:03.971280,0.5177174765996715,4,0.5928678431565012,0.0008001042792728955,0.01689038668801144,0.07864942766148977,84,117,1.6959288892810522,207,COMPLETE
63,0.549415122402902,2026-06-15 03:54:22.430375,2026-06-15 03:54:23.830477,0 days 00:00:01.400102,0.530585502950939,4,0.593332222726975,0.0031992027779878265,0.013841608217025033,0.06765505226172094,84,115,4.386865583443364,54,COMPLETE
64,0.5901010256138498,2026-06-15 03:54:23.830504,2026-06-15 03:54:28.082351,0 days 00:00:04.251847,0.5151786337856424,5,0.5801266579406545,0.0009419925559100313,2.2741459009389247,0.07929170586959174,72,121,1.368932036029796,213,COMPLETE
65,0.5719653940713105,2026-06-15 03:54:28.082381,2026-06-15 03:54:31.471981,0 days 00:00:03.389600,0.5844278831888999,4,0.6106294696276441,0.00031263018261521277,0.595491827951491,0.10462762834607083,93,112,6.614363981415779,179,COMPLETE
66,0.5802518017834446,2026-06-15 03:54:31.472008,2026-06-15 03:54:34.051421,0 days 00:00:02.579413,0.5010848140464749,3,0.6257748996221306,0.001974875681986371,0.05603342095261184,0.13384283529526625,156,117,3.2346027584367523,126,COMPLETE
67,0.5801728469230426,2026-06-15 03:54:34.051448,2026-06-15 03:54:38.822508,0 days 00:00:04.771060,0.5497615106749865,5,0.6826890864791471,0.016308490294410498,0.02645239971742925,0.05533100717944248,65,107,5.5366079318466515,300,COMPLETE
68,0.5862173078215179,2026-06-15 03:54:38.822537,2026-06-15 03:54:41.845466,0 days 00:00:03.022929,0.5720264145090468,4,0.6487458488053606,0.004674722155769278,0.10814309943897511,0.11884213735412878,135,122,1.0114881408429177,142,COMPLETE
69,0.5662802326686149,2026-06-15 03:54:41.845511,2026-06-15 03:54:44.150655,0 days 00:00:02.305144,0.5373839171908276,5,0.6009129140007525,9.782010252449253e-05,0.0034167302496440075,0.07990535998847009,124,125,8.649108867714215,100,COMPLETE
70,0.5573893338615196,2026-06-15 03:54:44.150683,2026-06-15 03:54:46.161003,0 days 00:00:02.010320,0.5167827268472724,6,0.5658978008436368,0.0007354129911449506,0.00048505535143010233,0.1911983223384387,149,118,12.69759446336813,90,COMPLETE
71,0.5884206127024145,2026-06-15 03:54:46.161031,2026-06-15 03:54:50.862629,0 days 00:00:04.701598,0.5147759859395962,5,0.5823095434355635,0.0011413164312643628,0.0010019120962059989,0.0785753402388236,73,121,2.19109774282546,212,COMPLETE
72,0.5841198908436342,2026-06-15 03:54:50.862660,2026-06-15 03:54:56.796819,0 days 00:00:05.934159,0.5138822944954465,5,0.5336997629322003,0.00026502959913961435,0.005943282952213825,0.07019038702566908,84,128,4.463061665700398,300,COMPLETE
73,0.5858338050460536,2026-06-15 03:54:56.796849,2026-06-15 03:55:00.897942,0 days 00:00:04.101093,0.536938400789123,4,0.5755820609771569,0.00014283178101357903,5.654026692417397,0.09062009060937823,56,122,2.85696612300352,193,COMPLETE
74,0.5791430279756014,2026-06-15 03:55:00.897971,2026-06-15 03:55:03.239409,0 days 00:00:02.341438,0.5542133507284656,5,0.5130806041003947,0.002136055740883575,1.4318180266041376,0.11187939718353054,105,113,1.3303416878750187,105,COMPLETE
75,0.5730267037221926,2026-06-15 03:55:03.239438,2026-06-15 03:55:05.611615,0 days 00:00:02.372177,0.5130771502002324,4,0.6674530937331932,0.0009711710965886401,0.0020640566602697225,0.09990762388727417,78,126,6.538210802997341,107,COMPLETE
76,0.5788234599352928,2026-06-15 03:55:05.611644,2026-06-15 03:55:09.008327,0 days 00:00:03.396683,0.5312105089132515,5,0.625875512420304,9.332726800537307e-08,0.6254630453906681,0.08400570062061394,118,117,4.418488492757204,147,COMPLETE
77,0.5700494774867673,2026-06-15 03:55:09.008359,2026-06-15 03:55:12.827434,0 days 00:00:03.819075,0.5018477699089915,6,0.9662710939056678,0.004600390635853595,5.837497763241052e-05,0.06311657668438336,41,62,7.873171178755156,295,COMPLETE
